the 0th predicter's result:
             precision    recall  f1-score   support

          0       0.96      0.93      0.94      1023
          1       0.96      0.96      0.96      1056
          2       0.88      0.85      0.87      1024
          3       0.82      0.90      0.86       934
          4       0.91      0.91      0.91       980
          5       0.80      0.85      0.83       867
          6       0.88      0.94      0.91       903
          7       0.90      0.93      0.92      1060
          8       0.89      0.78      0.83      1156
          9       0.88      0.85      0.86       997

avg / total       0.89      0.89      0.89     10000

fail rate: 1105/10000 = 11.05%

the 1th predicter's result:
             precision    recall  f1-score   support

          0       0.95      0.93      0.94      1011
          1       0.97      0.95      0.96      1092
          2       0.85      0.89      0.87       945
          3       0.83      0.89      0.86       963
          4       0.91      0.90      0.90       989
          5       0.80      0.84      0.82       869
          6       0.88      0.95      0.91       898
          7       0.89      0.95      0.92      1022
          8       0.91      0.76      0.83      1201
          9       0.88      0.83      0.85      1010

avg / total       0.89      0.89      0.89     10000

fail rate: 1132/10000 = 11.32%

the 2th predicter's result:
             precision    recall  f1-score   support

          0       0.96      0.92      0.94      1027
          1       0.96      0.95      0.96      1075
          2       0.88      0.87      0.88       999
          3       0.81      0.90      0.85       930
          4       0.91      0.90      0.91       997
          5       0.82      0.83      0.83       898
          6       0.88      0.95      0.92       895
          7       0.92      0.93      0.92      1078
          8       0.89      0.77      0.83      1157
          9       0.85      0.86      0.86       944

avg / total       0.89      0.89      0.89     10000

fail rate: 1114/10000 = 11.14%

the 3th predicter's result:
             precision    recall  f1-score   support

          0       0.96      0.93      0.94      1022
          1       0.96      0.95      0.96      1068
          2       0.87      0.87      0.87       983
          3       0.86      0.88      0.87      1007
          4       0.89      0.93      0.91       950
          5       0.81      0.85      0.83       872
          6       0.89      0.95      0.92       908
          7       0.90      0.92      0.91      1068
          8       0.88      0.78      0.83      1142
          9       0.86      0.84      0.85       980

avg / total       0.89      0.89      0.89     10000

fail rate: 1103/10000 = 11.03%

the 4th predicter's result:
             precision    recall  f1-score   support

          0       0.95      0.95      0.95       998
          1       0.96      0.95      0.96      1075
          2       0.87      0.88      0.88       980
          3       0.80      0.91      0.85       901
          4       0.91      0.90      0.91      1001
          5       0.81      0.83      0.82       893
          6       0.90      0.95      0.92       914
          7       0.91      0.93      0.92      1063
          8       0.90      0.76      0.82      1201
          9       0.87      0.86      0.87       974

avg / total       0.89      0.89      0.89     10000

fail rate: 1090/10000 = 10.90%

the 5th predicter's result:
             precision    recall  f1-score   support

          0       0.96      0.92      0.94      1033
          1       0.96      0.95      0.96      1079
          2       0.85      0.91      0.88       921
          3       0.83      0.89      0.86       956
          4       0.93      0.88      0.91      1039
          5       0.79      0.84      0.81       853
          6       0.88      0.96      0.92       894
          7       0.90      0.93      0.92      1052
          8       0.90      0.74      0.81      1225
          9       0.84      0.86      0.85       948

avg / total       0.89      0.89      0.89     10000

fail rate: 1137/10000 = 11.37%

the 6th predicter's result:
             precision    recall  f1-score   support

          0       0.96      0.93      0.94      1027
          1       0.97      0.95      0.96      1078
          2       0.87      0.86      0.86      1006
          3       0.79      0.90      0.84       900
          4       0.90      0.90      0.90       984
          5       0.83      0.84      0.83       898
          6       0.87      0.94      0.91       901
          7       0.90      0.93      0.92      1057
          8       0.89      0.77      0.83      1166
          9       0.86      0.84      0.85       983

avg / total       0.89      0.89      0.89     10000

fail rate: 1141/10000 = 11.41%

the 7th predicter's result:
             precision    recall  f1-score   support

          0       0.94      0.94      0.94       988
          1       0.96      0.95      0.96      1078
          2       0.88      0.89      0.88       979
          3       0.85      0.88      0.87       996
          4       0.90      0.91      0.91       979
          5       0.82      0.82      0.82       913
          6       0.89      0.94      0.91       913
          7       0.90      0.94      0.92      1048
          8       0.88      0.77      0.82      1155
          9       0.85      0.86      0.85       951

avg / total       0.89      0.89      0.89     10000

fail rate: 1120/10000 = 11.20%

the 8th predicter's result:
             precision    recall  f1-score   support

          0       0.95      0.93      0.94      1017
          1       0.96      0.96      0.96      1069
          2       0.87      0.88      0.88       974
          3       0.82      0.90      0.86       945
          4       0.91      0.89      0.90       998
          5       0.80      0.85      0.82       859
          6       0.86      0.96      0.91       870
          7       0.90      0.94      0.92      1044
          8       0.92      0.70      0.80      1324
          9       0.82      0.88      0.85       900

avg / total       0.89      0.88      0.88     10000

fail rate: 1176/10000 = 11.76%

the 9th predicter's result:
             precision    recall  f1-score   support

          0       0.96      0.95      0.95      1002
          1       0.97      0.95      0.96      1081
          2       0.88      0.88      0.88       984
          3       0.85      0.89      0.87       980
          4       0.92      0.89      0.90      1019
          5       0.81      0.85      0.83       874
          6       0.87      0.96      0.91       880
          7       0.89      0.95      0.92      1027
          8       0.89      0.79      0.84      1132
          9       0.88      0.83      0.85      1021

avg / total       0.89      0.89      0.89     10000

fail rate: 1085/10000 = 10.85%

the 10th predicter's result:
             precision    recall  f1-score   support

          0       0.96      0.93      0.94      1024
          1       0.97      0.95      0.96      1080
          2       0.85      0.90      0.88       931
          3       0.86      0.88      0.87      1001
          4       0.93      0.87      0.90      1058
          5       0.79      0.86      0.82       843
          6       0.88      0.95      0.92       901
          7       0.91      0.92      0.91      1070
          8       0.90      0.76      0.82      1202
          9       0.80      0.87      0.83       890

avg / total       0.89      0.89      0.89     10000

fail rate: 1132/10000 = 11.32%

the integrator result:
             precision    recall  f1-score   support

          0       0.96      0.93      0.95      1022
          1       0.97      0.95      0.96      1083
          2       0.88      0.89      0.88       986
          3       0.84      0.91      0.88       955
          4       0.93      0.91      0.92      1002
          5       0.82      0.86      0.84       874
          6       0.89      0.95      0.92       902
          7       0.91      0.94      0.93      1051
          8       0.91      0.79      0.84      1163
          9       0.88      0.88      0.88       962

avg / total       0.90      0.90      0.90     10000

[[ 0  0  6  0  0  0  5  0  0  0]
 [ 0  0  0  0  0  9  0  0  2  0]
 [ 0  0  0  0  0  0  0  0 11  0]
 [ 0  0  0  0  0  0  0  2  0  9]
 [ 0  0  0  0  0  0 11  0  0  0]
 [ 0  0  0  0  0  0  0  9  0  2]
 [ 1  0  0  0  0 10  0  0  0  0]
 [ 0  0  0  0  0  0 11  0  0  0]
 [ 0  0  0  0  0  4  7  0  0  0]
 [ 0  0  1  0  0  8  0  1  1  0]] [6 3 5 7 3 9 3 2 5 8]
fail rate: 1002/10000 = 10.02%
